<?xml version="1.0" encoding="UTF-8"?>
<!-- Generated by org.testng.reporters.JUnitXMLReporter -->
<testsuite ignored="0" hostname="BCTCL-DL5420143" failures="0" tests="125" name="Default test" time="345.531" errors="0" timestamp="2023-03-13T10:08:34 IST">
  <testcase classname="testcases.TestCases" name="dashboard_AssessmentCount" time="4.184"/>
  <testcase classname="testcases.TestCases" name="dashboard_AssessmentCount_InvalidEndpoint" time="2.532"/>
  <testcase classname="testcases.TestCases" name="dashboard_AssessmentCount_InvalidMethod" time="2.093"/>
  <testcase classname="testcases.TestCases" name="dashboard_ResidualRatingCount" time="2.297"/>
  <testcase classname="testcases.TestCases" name="dashboard_ResidualRatingCount_InvalidEndpoint" time="2.381"/>
  <testcase classname="testcases.TestCases" name="dashboard_ResidualRatingCount_InvalidMethod" time="2.003"/>
  <testcase classname="testcases.TestCases" name="dashboard_InherentRiskRatingCount" time="2.325"/>
  <testcase classname="testcases.TestCases" name="dashboard_InherentRiskRatingCount_InvalidEndpoint" time="2.434"/>
  <testcase classname="testcases.TestCases" name="dashboard_InherentRiskRatingCount_InvalidMethod" time="2.014"/>
  <testcase classname="testcases.TestCases" name="dashboard_HeatMapCount" time="3.07"/>
  <testcase classname="testcases.TestCases" name="dashboard_HeatMapCount_InvalidEndpoint" time="2.258"/>
  <testcase classname="testcases.TestCases" name="dashboard_HeatMapCount_InvalidMethod" time="2.055"/>
  <testcase classname="testcases.TestCases" name="dashboard_FindAllCount" time="3.549"/>
  <testcase classname="testcases.TestCases" name="dashboard_FindAllCount_InvalidEndpoint" time="1.966"/>
  <testcase classname="testcases.TestCases" name="dashboard_FindAllCount_InvalidMethod" time="2.038"/>
  <testcase classname="testcases.TestCases" name="dashboard_AssessmentWithVendor" time="7.758"/>
  <testcase classname="testcases.TestCases" name="dashboard_AssessmentWithVendor_InvalidEndpoint" time="2.223"/>
  <testcase classname="testcases.TestCases" name="dashboard_AssessmentWithVendor_InvalidMethod" time="1.947"/>
  <testcase classname="testcases.TestCases" name="dashboard_VendorCount" time="2.259"/>
  <testcase classname="testcases.TestCases" name="dashboard_VendorCount_InvalidEndpoint" time="2.223"/>
  <testcase classname="testcases.TestCases" name="dashboard_VendorCount_InvalidMethod" time="1.982"/>
  <testcase classname="testcases.TestCases" name="vendorRegister_Dropdownvalues" time="2.527"/>
  <testcase classname="testcases.TestCases" name="vendorRegister_Dropdownvalues_InvalidEndpoint" time="2.295"/>
  <testcase classname="testcases.TestCases" name="vendorRegister_Dropdownvalues_InvalidMethod" time="1.927"/>
  <testcase classname="testcases.TestCases" name="vendorRegister_EmployeeAll" time="2.938"/>
  <testcase classname="testcases.TestCases" name="vendorRegister_EmployeeAll_InvalidEndpoint" time="2.236"/>
  <testcase classname="testcases.TestCases" name="vendorRegister_EmployeeAll_InvalidMethod" time="1.985"/>
  <testcase classname="testcases.TestCases" name="vendorRegister_CreateSinglevendor" time="2.389"/>
  <testcase classname="testcases.TestCases" name="vendorRegister_CreateSinglevendor_InvalidEndpoint" time="2.408"/>
  <testcase classname="testcases.TestCases" name="vendorRegister_DetailswithVendorID_InvalidMethod" time="2.011"/>
  <testcase classname="testcases.TestCases" name="vendorRegister_AttachmentDetailswithVendorID" time="4.802"/>
  <testcase classname="testcases.TestCases" name="vendorRegister_AttachmentDetailswithVendorID_InvalidEndpoint" time="2.259"/>
  <testcase classname="testcases.TestCases" name="vendorRegister_AttachmentDetailswithVendorID_InvalidMethod" time="2.017"/>
  <testcase classname="testcases.TestCases" name="vendorRegister_EditSinglevendor" time="2.248"/>
  <testcase classname="testcases.TestCases" name="vendorRegister_EditSinglevendor_InvalidEndpoint" time="2.26"/>
  <testcase classname="testcases.TestCases" name="vendorRegister_EditSinglevendor_InvalidMethod" time="1.999"/>
  <testcase classname="testcases.TestCases" name="vendorRegister_SubmissionApproval" time="2.13"/>
  <testcase classname="testcases.TestCases" name="vendorRegister_SubmissionApproval_InvalidEndpoint" time="2.181"/>
  <testcase classname="testcases.TestCases" name="vendorRegister_SubmissionApproval_InvalidMethod" time="1.948"/>
  <testcase classname="testcases.TestCases" name="vendorRegister_FindAllApproval" time="3.107"/>
  <testcase classname="testcases.TestCases" name="vendorRegister_FindAllApproval_InvalidEndpoint" time="2.272"/>
  <testcase classname="testcases.TestCases" name="vendorRegister_FindAllApproval_InvalidMethod" time="1.951"/>
  <testcase classname="testcases.TestCases" name="vendorRegister_ApprovalHistory" time="1.985"/>
  <testcase classname="testcases.TestCases" name="vendorRegister_ApprovalHistory_InvalidEndpoint" time="2.22"/>
  <testcase classname="testcases.TestCases" name="vendorRegister_ApprovalHistory_InvalidMethod" time="1.953"/>
  <testcase classname="testcases.TestCases" name="vendorRegister_L3Approval" time="2.969"/>
  <testcase classname="testcases.TestCases" name="vendorRegister_L3Approval_InvalidEndpoint" time="2.277"/>
  <testcase classname="testcases.TestCases" name="vendorRegister_L3Approval_InvalidMethod" time="2.0"/>
  <testcase classname="testcases.TestCases" name="vendorAssessment_AssessmentDetailswithVendorID" time="5.029"/>
  <testcase classname="testcases.TestCases" name="vendorAssessment_AssessmentDetailswithVendorID_InvalidEndpoint" time="2.577"/>
  <testcase classname="testcases.TestCases" name="vendorAssessment_AssessmentDetailswithVendorID_InvalidMethod" time="2.214"/>
  <testcase classname="testcases.TestCases" name="vendorAssessment_DepartmentDetails" time="3.102"/>
  <testcase classname="testcases.TestCases" name="vendorAssessment_DepartmentDetails_InvalidEndpoint" time="2.608"/>
  <testcase classname="testcases.TestCases" name="vendorAssessment_DepartmentDetails_InvalidMethod" time="2.289"/>
  <testcase classname="testcases.TestCases" name="vendorAssessment_CreateMeetingScheduler" time="2.55"/>
  <testcase classname="testcases.TestCases" name="vendorAssessment_CreateMeetingScheduler_InvalidEndpoint" time="2.291"/>
  <testcase classname="testcases.TestCases" name="vendorAssessment_CreateMeetingScheduler_InvalidMethod" time="2.214"/>
  <testcase classname="testcases.TestCases" name="vendorAssessment_templateList" time="2.574"/>
  <testcase classname="testcases.TestCases" name="vendorAssessment_templateList_InvalidEndpoint" time="2.56"/>
  <testcase classname="testcases.TestCases" name="vendorAssessment_templateList_InvalidMethod" time="2.282"/>
  <testcase classname="testcases.TestCases" name="vendorAssessment_SaveAssessmentDetails" time="2.495"/>
  <testcase classname="testcases.TestCases" name="vendorAssessment_SaveAssessmentDetails_InvalidEndpoint" time="2.537"/>
  <testcase classname="testcases.TestCases" name="vendorAssessment_SaveAssessmentDetails_InvalidMethod" time="2.227"/>
  <testcase classname="testcases.TestCases" name="vendorAssessment_AssessmentDetailswithID" time="2.406"/>
  <testcase classname="testcases.TestCases" name="vendorAssessment_Modify_AssessmentDetails" time="2.764"/>
  <testcase classname="testcases.TestCases" name="vendorAssessment_Modify_AssessmentDetails_InvalidEndpoint" time="2.512"/>
  <testcase classname="testcases.TestCases" name="vendorAssessment_Modify_AssessmentDetails_InvalidMethod" time="2.213"/>
  <testcase classname="testcases.TestCases" name="vendorAssessment_AssessmentwithVendorDetails" time="8.368"/>
  <testcase classname="testcases.TestCases" name="vendorAssessment_AssessmentwithVendorDetails_InvalidEndpoint" time="2.54"/>
  <testcase classname="testcases.TestCases" name="vendorAssessment_AssessmentwithVendorDetails_InvalidMethod" time="2.229"/>
  <testcase classname="testcases.TestCases" name="vendorAssessment_SubmissionAssessment" time="2.432"/>
  <testcase classname="testcases.TestCases" name="vendorAssessment_AssessmentApprovalList" time="5.256"/>
  <testcase classname="testcases.TestCases" name="vendorAssessment_AssessmentApprovalList_InvalidEndpoint" time="2.57"/>
  <testcase classname="testcases.TestCases" name="vendorAssessment_AssessmentApprovalList_InvalidMethod" time="2.21"/>
  <testcase classname="testcases.TestCases" name="vendorAssessment_AssessmentApprovalHistory" time="2.271"/>
  <testcase classname="testcases.TestCases" name="vendorAssessment_AssessmentApprovalHistory_InvalidEndpoint" time="2.572"/>
  <testcase classname="testcases.TestCases" name="vendorAssessment_AssessmentApprovalHistory_InvalidMethod" time="2.217"/>
  <testcase classname="testcases.TestCases" name="vendorAssessment_L3Approval" time="2.894"/>
  <testcase classname="testcases.TestCases" name="vendorAssessment_L3Approval_InvalidEndpoint" time="3.431"/>
  <testcase classname="testcases.TestCases" name="vendorAssessment_L3Approval_InvalidMethod" time="2.889"/>
  <testcase classname="testcases.TestCases" name="vendorFindings_FindVendorAssessmentIDDetails" time="5.214"/>
  <testcase classname="testcases.TestCases" name="vendorFindings_FindVendorAssessmentIDDetails_InvalidEndpoint" time="2.645"/>
  <testcase classname="testcases.TestCases" name="vendorFindings_FindVendorAssessmentIDDetails_InvalidMethod" time="2.285"/>
  <testcase classname="testcases.TestCases" name="vendorFindings_AddFindings" time="2.596"/>
  <testcase classname="testcases.TestCases" name="vendorFindings_AddFindings_InvalidEndpoint" time="2.446"/>
  <testcase classname="testcases.TestCases" name="vendorFindings_AddFindings_InvalidMethod" time="2.228"/>
  <testcase classname="testcases.TestCases" name="vendorFindings_Approval" time="2.398"/>
  <testcase classname="testcases.TestCases" name="vendorFindings_Approval_InvalidEndpoint" time="2.648"/>
  <testcase classname="testcases.TestCases" name="vendorFindings_Approval_InvalidMethod" time="2.324"/>
  <testcase classname="testcases.TestCases" name="vendorFindings_FindAssessmentDetailswithID" time="2.401"/>
  <testcase classname="testcases.TestCases" name="vendorFindings_FindAssessmentDetailswithID_InvalidEndpoint" time="2.525"/>
  <testcase classname="testcases.TestCases" name="vendorFindings_FindAssessmentDetailswithID_InvalidMethod" time="2.2"/>
  <testcase classname="testcases.TestCases" name="vendorFindings_ModifyFindingsDetails" time="7.793"/>
  <testcase classname="testcases.TestCases" name="vendorFindings_ModifyFindingsDetails_InvalidEndpoint" time="2.585"/>
  <testcase classname="testcases.TestCases" name="vendorFindings_ModifyFindingsDetails_InvalidMethod" time="2.256"/>
  <testcase classname="testcases.TestCases" name="ApprovalInherentRisk_L3Approval" time="3.405"/>
  <testcase classname="testcases.TestCases" name="ApprovalInherentRisk_L3Approval_InvalidEndpoint" time="2.501"/>
  <testcase classname="testcases.TestCases" name="ApprovalInherentRisk_L3Approval_InvalidMethod" time="2.332"/>
  <testcase classname="testcases.TestCases" name="addControlandMitigation_FindControlwithID" time="5.488"/>
  <testcase classname="testcases.TestCases" name="addControlAndMitigation_CreateControl" time="5.39"/>
  <testcase classname="testcases.TestCases" name="addControlAndMitigation_CreateControl_InvalidEndpoint" time="2.701"/>
  <testcase classname="testcases.TestCases" name="addControlAndMitigation_CreateControl_InvalidMethod" time="2.314"/>
  <testcase classname="testcases.TestCases" name="addControlAndMitigation_CreateControlApproval" time="2.461"/>
  <testcase classname="testcases.TestCases" name="addControlAndMitigation_CreateControlApproval_InvalidEndpoint" time="2.483"/>
  <testcase classname="testcases.TestCases" name="addControlAndMitigation_CreateControlApproval_InvalidMethod" time="2.724"/>
  <testcase classname="testcases.TestCases" name="addControlandMitigation_FindControlDetailswithID" time="5.481"/>
  <testcase classname="testcases.TestCases" name="addControlandMitigation_FindControlDetailswithID_InvalidEndpoint" time="2.612"/>
  <testcase classname="testcases.TestCases" name="addControlandMitigation_FindControlDetailswithID_InvalidMethod" time="2.318"/>
  <testcase classname="testcases.TestCases" name="addControlAndMitigation_ModifyControl" time="5.675"/>
  <testcase classname="testcases.TestCases" name="addControlAndMitigation_ModifyControl_InvalidEndpoint" time="2.62"/>
  <testcase classname="testcases.TestCases" name="addControlAndMitigation_ModifyControl_InvalidMethod" time="2.316"/>
  <testcase classname="testcases.TestCases" name="approveResidualRisk_L3Approval" time="3.346"/>
  <testcase classname="testcases.TestCases" name="approveResidualRisk_L3Approval_InvalidEndpoint" time="2.313"/>
  <testcase classname="testcases.TestCases" name="approveResidualRisk_L3Approval_InvalidMethod" time="2.131"/>
  <testcase classname="testcases.TestCases" name="uniqueID_FindAllPreferences" time="2.509"/>
  <testcase classname="testcases.TestCases" name="uniqueID_FindAllPreferencesDetails_InvalidEndpoint" time="2.316"/>
  <testcase classname="testcases.TestCases" name="uniqueID_FindAllPreferencesDetails_InvalidMethod" time="2.119"/>
  <testcase classname="testcases.TestCases" name="uniqueID_Create" time="2.217"/>
  <testcase classname="testcases.TestCases" name="uniqueID_Create_InvalidEndpoint" time="2.22"/>
  <testcase classname="testcases.TestCases" name="uniqueID_Create_InvalidMethod" time="2.296"/>
  <testcase classname="testcases.TestCases" name="vendorRegister_CreateSinglevendor_ExistingVendorName" time="2.354"/>
  <testcase classname="testcases.TestCases" name="vendorRegister_CreateSinglevendor_InvalidEmailFormat" time="2.359"/>
  <testcase classname="testcases.TestCases" name="vendorRegister_DeActivevendor" time="2.367"/>
  <testcase classname="testcases.TestCases" name="vendorRegister_DeActivevendor_InvalidEndpoint" time="2.418"/>
  <testcase classname="testcases.TestCases" name="vendorRegister_DeActivevendor_InvalidMethod" time="2.014"/>
</testsuite> <!-- Default test -->
