<?xml version="1.0" encoding="UTF-8"?>
<!-- Generated by org.testng.reporters.JUnitXMLReporter -->
<testsuite ignored="0" hostname="BCTCL-DL5420143" failures="0" tests="4" name="Regression" time="227.913" errors="0" timestamp="2022-02-09T22:01:08 IST">
  <testcase classname="testcases.Ews" name="getAlertDetails" time="183.262"/>
  <testcase classname="testcases.Ews" name="getGroupDetails" time="4.833"/>
  <testcase classname="testcases.Ews" name="getAlertConfiguration_Details" time="7.966"/>
  <testcase classname="testcases.Ews" name="getAlertStatus" time="31.317"/>
</testsuite> <!-- Regression -->
