<?xml version="1.0" encoding="UTF-8"?>
<testsuite xmlns:xsi="http://www.w3.org/2001/XMLSchema-instance" xsi:noNamespaceSchemaLocation="https://maven.apache.org/surefire/maven-surefire-plugin/xsd/surefire-test-report-3.0.xsd" version="3.0" name="TestSuite" time="229.8" tests="4" errors="0" skipped="0" failures="0">
  <properties>
[...]
</properties>
  <testcase name="getAlertDetails" classname="testcases.Ews" time="183.27"/>
  <testcase name="getGroupDetails" classname="testcases.Ews" time="12.827"/>
  <testcase name="getAlertConfiguration_Details" classname="testcases.Ews" time="9.295"/>
  <testcase name="getAlertStatus" classname="testcases.Ews" time="22.039"/>
</testsuite>