<?xml version="1.0" encoding="UTF-8"?>
<testng-results ignored="0" total="125" passed="125" failed="0" skipped="0">
  <reporter-output>
  </reporter-output>
  <suite started-at="2023-03-13T10:02:48 IST" name="Default suite" finished-at="2023-03-13T10:08:33 IST" duration-ms="345531">
    <groups>
    </groups>
    <test started-at="2023-03-13T10:02:48 IST" name="Default test" finished-at="2023-03-13T10:08:33 IST" duration-ms="345531">
      <class name="testcases.TestCases">
        <test-method is-config="true" signature="baseTest()[pri:0, instance:testcases.TestCases@4a883b15]" started-at="2023-03-13T10:02:48 IST" name="baseTest" finished-at="2023-03-13T10:02:48 IST" duration-ms="7" status="PASS">
          <reporter-output>
          </reporter-output>
        </test-method> <!-- baseTest -->
        <test-method signature="dashboard_AssessmentCount(java.lang.String)[pri:1, instance:testcases.TestCases@4a883b15]" started-at="2023-03-13T10:02:49 IST" name="dashboard_AssessmentCount" data-provider="Execute_Module" finished-at="2023-03-13T10:02:53 IST" duration-ms="4184" status="PASS">
          <params>
            <param index="0">
              <value>
                <![CDATA[Yes]]>
              </value>
            </param>
          </params>
          <reporter-output>
          </reporter-output>
        </test-method> <!-- dashboard_AssessmentCount -->
        <test-method signature="dashboard_AssessmentCount_InvalidEndpoint(java.lang.String)[pri:2, instance:testcases.TestCases@4a883b15]" started-at="2023-03-13T10:02:53 IST" name="dashboard_AssessmentCount_InvalidEndpoint" data-provider="Execute_Module" finished-at="2023-03-13T10:02:56 IST" duration-ms="2532" status="PASS">
          <params>
            <param index="0">
              <value>
                <![CDATA[Yes]]>
              </value>
            </param>
          </params>
          <reporter-output>
          </reporter-output>
        </test-method> <!-- dashboard_AssessmentCount_InvalidEndpoint -->
        <test-method signature="dashboard_AssessmentCount_InvalidMethod(java.lang.String)[pri:3, instance:testcases.TestCases@4a883b15]" started-at="2023-03-13T10:02:56 IST" name="dashboard_AssessmentCount_InvalidMethod" data-provider="Execute_Module" finished-at="2023-03-13T10:02:58 IST" duration-ms="2093" status="PASS">
          <params>
            <param index="0">
              <value>
                <![CDATA[Yes]]>
              </value>
            </param>
          </params>
          <reporter-output>
          </reporter-output>
        </test-method> <!-- dashboard_AssessmentCount_InvalidMethod -->
        <test-method signature="dashboard_ResidualRatingCount(java.lang.String)[pri:4, instance:testcases.TestCases@4a883b15]" started-at="2023-03-13T10:02:58 IST" name="dashboard_ResidualRatingCount" data-provider="Execute_Module" finished-at="2023-03-13T10:03:00 IST" duration-ms="2297" status="PASS">
          <params>
            <param index="0">
              <value>
                <![CDATA[Yes]]>
              </value>
            </param>
          </params>
          <reporter-output>
          </reporter-output>
        </test-method> <!-- dashboard_ResidualRatingCount -->
        <test-method signature="dashboard_ResidualRatingCount_InvalidEndpoint(java.lang.String)[pri:5, instance:testcases.TestCases@4a883b15]" started-at="2023-03-13T10:03:00 IST" name="dashboard_ResidualRatingCount_InvalidEndpoint" data-provider="Execute_Module" finished-at="2023-03-13T10:03:03 IST" duration-ms="2381" status="PASS">
          <params>
            <param index="0">
              <value>
                <![CDATA[Yes]]>
              </value>
            </param>
          </params>
          <reporter-output>
          </reporter-output>
        </test-method> <!-- dashboard_ResidualRatingCount_InvalidEndpoint -->
        <test-method signature="dashboard_ResidualRatingCount_InvalidMethod(java.lang.String)[pri:6, instance:testcases.TestCases@4a883b15]" started-at="2023-03-13T10:03:03 IST" name="dashboard_ResidualRatingCount_InvalidMethod" data-provider="Execute_Module" finished-at="2023-03-13T10:03:05 IST" duration-ms="2003" status="PASS">
          <params>
            <param index="0">
              <value>
                <![CDATA[Yes]]>
              </value>
            </param>
          </params>
          <reporter-output>
          </reporter-output>
        </test-method> <!-- dashboard_ResidualRatingCount_InvalidMethod -->
        <test-method signature="dashboard_InherentRiskRatingCount(java.lang.String)[pri:7, instance:testcases.TestCases@4a883b15]" started-at="2023-03-13T10:03:05 IST" name="dashboard_InherentRiskRatingCount" data-provider="Execute_Module" finished-at="2023-03-13T10:03:07 IST" duration-ms="2325" status="PASS">
          <params>
            <param index="0">
              <value>
                <![CDATA[Yes]]>
              </value>
            </param>
          </params>
          <reporter-output>
          </reporter-output>
        </test-method> <!-- dashboard_InherentRiskRatingCount -->
        <test-method signature="dashboard_InherentRiskRatingCount_InvalidEndpoint(java.lang.String)[pri:8, instance:testcases.TestCases@4a883b15]" started-at="2023-03-13T10:03:07 IST" name="dashboard_InherentRiskRatingCount_InvalidEndpoint" data-provider="Execute_Module" finished-at="2023-03-13T10:03:09 IST" duration-ms="2434" status="PASS">
          <params>
            <param index="0">
              <value>
                <![CDATA[Yes]]>
              </value>
            </param>
          </params>
          <reporter-output>
          </reporter-output>
        </test-method> <!-- dashboard_InherentRiskRatingCount_InvalidEndpoint -->
        <test-method signature="dashboard_InherentRiskRatingCount_InvalidMethod(java.lang.String)[pri:9, instance:testcases.TestCases@4a883b15]" started-at="2023-03-13T10:03:10 IST" name="dashboard_InherentRiskRatingCount_InvalidMethod" data-provider="Execute_Module" finished-at="2023-03-13T10:03:12 IST" duration-ms="2014" status="PASS">
          <params>
            <param index="0">
              <value>
                <![CDATA[Yes]]>
              </value>
            </param>
          </params>
          <reporter-output>
          </reporter-output>
        </test-method> <!-- dashboard_InherentRiskRatingCount_InvalidMethod -->
        <test-method signature="dashboard_HeatMapCount(java.lang.String)[pri:10, instance:testcases.TestCases@4a883b15]" started-at="2023-03-13T10:03:12 IST" name="dashboard_HeatMapCount" data-provider="Execute_Module" finished-at="2023-03-13T10:03:15 IST" duration-ms="3070" status="PASS">
          <params>
            <param index="0">
              <value>
                <![CDATA[Yes]]>
              </value>
            </param>
          </params>
          <reporter-output>
          </reporter-output>
        </test-method> <!-- dashboard_HeatMapCount -->
        <test-method signature="dashboard_HeatMapCount_InvalidEndpoint(java.lang.String)[pri:11, instance:testcases.TestCases@4a883b15]" started-at="2023-03-13T10:03:15 IST" name="dashboard_HeatMapCount_InvalidEndpoint" data-provider="Execute_Module" finished-at="2023-03-13T10:03:17 IST" duration-ms="2258" status="PASS">
          <params>
            <param index="0">
              <value>
                <![CDATA[Yes]]>
              </value>
            </param>
          </params>
          <reporter-output>
          </reporter-output>
        </test-method> <!-- dashboard_HeatMapCount_InvalidEndpoint -->
        <test-method signature="dashboard_HeatMapCount_InvalidMethod(java.lang.String)[pri:12, instance:testcases.TestCases@4a883b15]" started-at="2023-03-13T10:03:17 IST" name="dashboard_HeatMapCount_InvalidMethod" data-provider="Execute_Module" finished-at="2023-03-13T10:03:19 IST" duration-ms="2055" status="PASS">
          <params>
            <param index="0">
              <value>
                <![CDATA[Yes]]>
              </value>
            </param>
          </params>
          <reporter-output>
          </reporter-output>
        </test-method> <!-- dashboard_HeatMapCount_InvalidMethod -->
        <test-method signature="dashboard_FindAllCount(java.lang.String)[pri:13, instance:testcases.TestCases@4a883b15]" started-at="2023-03-13T10:03:19 IST" name="dashboard_FindAllCount" data-provider="Execute_Module" finished-at="2023-03-13T10:03:23 IST" duration-ms="3549" status="PASS">
          <params>
            <param index="0">
              <value>
                <![CDATA[Yes]]>
              </value>
            </param>
          </params>
          <reporter-output>
          </reporter-output>
        </test-method> <!-- dashboard_FindAllCount -->
        <test-method signature="dashboard_FindAllCount_InvalidEndpoint(java.lang.String)[pri:14, instance:testcases.TestCases@4a883b15]" started-at="2023-03-13T10:03:23 IST" name="dashboard_FindAllCount_InvalidEndpoint" data-provider="Execute_Module" finished-at="2023-03-13T10:03:25 IST" duration-ms="1966" status="PASS">
          <params>
            <param index="0">
              <value>
                <![CDATA[Yes]]>
              </value>
            </param>
          </params>
          <reporter-output>
          </reporter-output>
        </test-method> <!-- dashboard_FindAllCount_InvalidEndpoint -->
        <test-method signature="dashboard_FindAllCount_InvalidMethod(java.lang.String)[pri:15, instance:testcases.TestCases@4a883b15]" started-at="2023-03-13T10:03:25 IST" name="dashboard_FindAllCount_InvalidMethod" data-provider="Execute_Module" finished-at="2023-03-13T10:03:27 IST" duration-ms="2038" status="PASS">
          <params>
            <param index="0">
              <value>
                <![CDATA[Yes]]>
              </value>
            </param>
          </params>
          <reporter-output>
          </reporter-output>
        </test-method> <!-- dashboard_FindAllCount_InvalidMethod -->
        <test-method signature="dashboard_AssessmentWithVendor(java.lang.String)[pri:16, instance:testcases.TestCases@4a883b15]" started-at="2023-03-13T10:03:27 IST" name="dashboard_AssessmentWithVendor" data-provider="Execute_Module" finished-at="2023-03-13T10:03:34 IST" duration-ms="7758" status="PASS">
          <params>
            <param index="0">
              <value>
                <![CDATA[Yes]]>
              </value>
            </param>
          </params>
          <reporter-output>
          </reporter-output>
        </test-method> <!-- dashboard_AssessmentWithVendor -->
        <test-method signature="dashboard_AssessmentWithVendor_InvalidEndpoint(java.lang.String)[pri:17, instance:testcases.TestCases@4a883b15]" started-at="2023-03-13T10:03:34 IST" name="dashboard_AssessmentWithVendor_InvalidEndpoint" data-provider="Execute_Module" finished-at="2023-03-13T10:03:37 IST" duration-ms="2223" status="PASS">
          <params>
            <param index="0">
              <value>
                <![CDATA[Yes]]>
              </value>
            </param>
          </params>
          <reporter-output>
          </reporter-output>
        </test-method> <!-- dashboard_AssessmentWithVendor_InvalidEndpoint -->
        <test-method signature="dashboard_AssessmentWithVendor_InvalidMethod(java.lang.String)[pri:18, instance:testcases.TestCases@4a883b15]" started-at="2023-03-13T10:03:37 IST" name="dashboard_AssessmentWithVendor_InvalidMethod" data-provider="Execute_Module" finished-at="2023-03-13T10:03:39 IST" duration-ms="1947" status="PASS">
          <params>
            <param index="0">
              <value>
                <![CDATA[Yes]]>
              </value>
            </param>
          </params>
          <reporter-output>
          </reporter-output>
        </test-method> <!-- dashboard_AssessmentWithVendor_InvalidMethod -->
        <test-method signature="dashboard_VendorCount(java.lang.String)[pri:19, instance:testcases.TestCases@4a883b15]" started-at="2023-03-13T10:03:39 IST" name="dashboard_VendorCount" data-provider="Execute_Module" finished-at="2023-03-13T10:03:41 IST" duration-ms="2259" status="PASS">
          <params>
            <param index="0">
              <value>
                <![CDATA[Yes]]>
              </value>
            </param>
          </params>
          <reporter-output>
          </reporter-output>
        </test-method> <!-- dashboard_VendorCount -->
        <test-method signature="dashboard_VendorCount_InvalidEndpoint(java.lang.String)[pri:20, instance:testcases.TestCases@4a883b15]" started-at="2023-03-13T10:03:41 IST" name="dashboard_VendorCount_InvalidEndpoint" data-provider="Execute_Module" finished-at="2023-03-13T10:03:43 IST" duration-ms="2223" status="PASS">
          <params>
            <param index="0">
              <value>
                <![CDATA[Yes]]>
              </value>
            </param>
          </params>
          <reporter-output>
          </reporter-output>
        </test-method> <!-- dashboard_VendorCount_InvalidEndpoint -->
        <test-method signature="dashboard_VendorCount_InvalidMethod(java.lang.String)[pri:21, instance:testcases.TestCases@4a883b15]" started-at="2023-03-13T10:03:43 IST" name="dashboard_VendorCount_InvalidMethod" data-provider="Execute_Module" finished-at="2023-03-13T10:03:45 IST" duration-ms="1982" status="PASS">
          <params>
            <param index="0">
              <value>
                <![CDATA[Yes]]>
              </value>
            </param>
          </params>
          <reporter-output>
          </reporter-output>
        </test-method> <!-- dashboard_VendorCount_InvalidMethod -->
        <test-method signature="vendorRegister_Dropdownvalues(java.lang.String)[pri:22, instance:testcases.TestCases@4a883b15]" started-at="2023-03-13T10:03:45 IST" name="vendorRegister_Dropdownvalues" data-provider="Execute_Module" finished-at="2023-03-13T10:03:48 IST" duration-ms="2527" status="PASS">
          <params>
            <param index="0">
              <value>
                <![CDATA[Yes]]>
              </value>
            </param>
          </params>
          <reporter-output>
          </reporter-output>
        </test-method> <!-- vendorRegister_Dropdownvalues -->
        <test-method signature="vendorRegister_Dropdownvalues_InvalidEndpoint(java.lang.String)[pri:23, instance:testcases.TestCases@4a883b15]" started-at="2023-03-13T10:03:48 IST" name="vendorRegister_Dropdownvalues_InvalidEndpoint" data-provider="Execute_Module" finished-at="2023-03-13T10:03:50 IST" duration-ms="2295" status="PASS">
          <params>
            <param index="0">
              <value>
                <![CDATA[Yes]]>
              </value>
            </param>
          </params>
          <reporter-output>
          </reporter-output>
        </test-method> <!-- vendorRegister_Dropdownvalues_InvalidEndpoint -->
        <test-method signature="vendorRegister_Dropdownvalues_InvalidMethod(java.lang.String)[pri:24, instance:testcases.TestCases@4a883b15]" started-at="2023-03-13T10:03:50 IST" name="vendorRegister_Dropdownvalues_InvalidMethod" data-provider="Execute_Module" finished-at="2023-03-13T10:03:52 IST" duration-ms="1927" status="PASS">
          <params>
            <param index="0">
              <value>
                <![CDATA[Yes]]>
              </value>
            </param>
          </params>
          <reporter-output>
          </reporter-output>
        </test-method> <!-- vendorRegister_Dropdownvalues_InvalidMethod -->
        <test-method signature="vendorRegister_EmployeeAll(java.lang.String)[pri:25, instance:testcases.TestCases@4a883b15]" started-at="2023-03-13T10:03:52 IST" name="vendorRegister_EmployeeAll" data-provider="Execute_Module" finished-at="2023-03-13T10:03:55 IST" duration-ms="2938" status="PASS">
          <params>
            <param index="0">
              <value>
                <![CDATA[Yes]]>
              </value>
            </param>
          </params>
          <reporter-output>
          </reporter-output>
        </test-method> <!-- vendorRegister_EmployeeAll -->
        <test-method signature="vendorRegister_EmployeeAll_InvalidEndpoint(java.lang.String)[pri:26, instance:testcases.TestCases@4a883b15]" started-at="2023-03-13T10:03:55 IST" name="vendorRegister_EmployeeAll_InvalidEndpoint" data-provider="Execute_Module" finished-at="2023-03-13T10:03:57 IST" duration-ms="2236" status="PASS">
          <params>
            <param index="0">
              <value>
                <![CDATA[Yes]]>
              </value>
            </param>
          </params>
          <reporter-output>
          </reporter-output>
        </test-method> <!-- vendorRegister_EmployeeAll_InvalidEndpoint -->
        <test-method signature="vendorRegister_EmployeeAll_InvalidMethod(java.lang.String)[pri:27, instance:testcases.TestCases@4a883b15]" started-at="2023-03-13T10:03:57 IST" name="vendorRegister_EmployeeAll_InvalidMethod" data-provider="Execute_Module" finished-at="2023-03-13T10:03:59 IST" duration-ms="1985" status="PASS">
          <params>
            <param index="0">
              <value>
                <![CDATA[Yes]]>
              </value>
            </param>
          </params>
          <reporter-output>
          </reporter-output>
        </test-method> <!-- vendorRegister_EmployeeAll_InvalidMethod -->
        <test-method signature="vendorRegister_CreateSinglevendor(java.lang.String)[pri:28, instance:testcases.TestCases@4a883b15]" started-at="2023-03-13T10:03:59 IST" name="vendorRegister_CreateSinglevendor" data-provider="Execute_Module" finished-at="2023-03-13T10:04:02 IST" duration-ms="2389" status="PASS">
          <params>
            <param index="0">
              <value>
                <![CDATA[Yes]]>
              </value>
            </param>
          </params>
          <reporter-output>
          </reporter-output>
        </test-method> <!-- vendorRegister_CreateSinglevendor -->
        <test-method signature="vendorRegister_CreateSinglevendor_InvalidEndpoint(java.lang.String)[pri:29, instance:testcases.TestCases@4a883b15]" started-at="2023-03-13T10:04:02 IST" name="vendorRegister_CreateSinglevendor_InvalidEndpoint" data-provider="Execute_Module" finished-at="2023-03-13T10:04:04 IST" duration-ms="2408" status="PASS">
          <params>
            <param index="0">
              <value>
                <![CDATA[Yes]]>
              </value>
            </param>
          </params>
          <reporter-output>
          </reporter-output>
        </test-method> <!-- vendorRegister_CreateSinglevendor_InvalidEndpoint -->
        <test-method signature="vendorRegister_DetailswithVendorID_InvalidMethod(java.lang.String)[pri:30, instance:testcases.TestCases@4a883b15]" started-at="2023-03-13T10:04:04 IST" name="vendorRegister_DetailswithVendorID_InvalidMethod" data-provider="Execute_Module" finished-at="2023-03-13T10:04:06 IST" duration-ms="2011" status="PASS">
          <params>
            <param index="0">
              <value>
                <![CDATA[Yes]]>
              </value>
            </param>
          </params>
          <reporter-output>
          </reporter-output>
        </test-method> <!-- vendorRegister_DetailswithVendorID_InvalidMethod -->
        <test-method signature="vendorRegister_AttachmentDetailswithVendorID(java.lang.String)[pri:31, instance:testcases.TestCases@4a883b15]" started-at="2023-03-13T10:04:06 IST" name="vendorRegister_AttachmentDetailswithVendorID" data-provider="Execute_Module" finished-at="2023-03-13T10:04:11 IST" duration-ms="4802" status="PASS">
          <params>
            <param index="0">
              <value>
                <![CDATA[Yes]]>
              </value>
            </param>
          </params>
          <reporter-output>
          </reporter-output>
        </test-method> <!-- vendorRegister_AttachmentDetailswithVendorID -->
        <test-method signature="vendorRegister_AttachmentDetailswithVendorID_InvalidEndpoint(java.lang.String)[pri:32, instance:testcases.TestCases@4a883b15]" started-at="2023-03-13T10:04:11 IST" name="vendorRegister_AttachmentDetailswithVendorID_InvalidEndpoint" data-provider="Execute_Module" finished-at="2023-03-13T10:04:13 IST" duration-ms="2259" status="PASS">
          <params>
            <param index="0">
              <value>
                <![CDATA[Yes]]>
              </value>
            </param>
          </params>
          <reporter-output>
          </reporter-output>
        </test-method> <!-- vendorRegister_AttachmentDetailswithVendorID_InvalidEndpoint -->
        <test-method signature="vendorRegister_AttachmentDetailswithVendorID_InvalidMethod(java.lang.String)[pri:33, instance:testcases.TestCases@4a883b15]" started-at="2023-03-13T10:04:13 IST" name="vendorRegister_AttachmentDetailswithVendorID_InvalidMethod" data-provider="Execute_Module" finished-at="2023-03-13T10:04:15 IST" duration-ms="2017" status="PASS">
          <params>
            <param index="0">
              <value>
                <![CDATA[Yes]]>
              </value>
            </param>
          </params>
          <reporter-output>
          </reporter-output>
        </test-method> <!-- vendorRegister_AttachmentDetailswithVendorID_InvalidMethod -->
        <test-method signature="vendorRegister_EditSinglevendor(java.lang.String)[pri:34, instance:testcases.TestCases@4a883b15]" started-at="2023-03-13T10:04:15 IST" name="vendorRegister_EditSinglevendor" data-provider="Execute_Module" finished-at="2023-03-13T10:04:18 IST" duration-ms="2248" status="PASS">
          <params>
            <param index="0">
              <value>
                <![CDATA[Yes]]>
              </value>
            </param>
          </params>
          <reporter-output>
          </reporter-output>
        </test-method> <!-- vendorRegister_EditSinglevendor -->
        <test-method signature="vendorRegister_EditSinglevendor_InvalidEndpoint(java.lang.String)[pri:35, instance:testcases.TestCases@4a883b15]" started-at="2023-03-13T10:04:18 IST" name="vendorRegister_EditSinglevendor_InvalidEndpoint" data-provider="Execute_Module" finished-at="2023-03-13T10:04:20 IST" duration-ms="2260" status="PASS">
          <params>
            <param index="0">
              <value>
                <![CDATA[Yes]]>
              </value>
            </param>
          </params>
          <reporter-output>
          </reporter-output>
        </test-method> <!-- vendorRegister_EditSinglevendor_InvalidEndpoint -->
        <test-method signature="vendorRegister_EditSinglevendor_InvalidMethod(java.lang.String)[pri:36, instance:testcases.TestCases@4a883b15]" started-at="2023-03-13T10:04:20 IST" name="vendorRegister_EditSinglevendor_InvalidMethod" data-provider="Execute_Module" finished-at="2023-03-13T10:04:22 IST" duration-ms="1999" status="PASS">
          <params>
            <param index="0">
              <value>
                <![CDATA[Yes]]>
              </value>
            </param>
          </params>
          <reporter-output>
          </reporter-output>
        </test-method> <!-- vendorRegister_EditSinglevendor_InvalidMethod -->
        <test-method signature="vendorRegister_SubmissionApproval(java.lang.String)[pri:37, instance:testcases.TestCases@4a883b15]" started-at="2023-03-13T10:04:22 IST" name="vendorRegister_SubmissionApproval" data-provider="Execute_Module" finished-at="2023-03-13T10:04:24 IST" duration-ms="2130" status="PASS">
          <params>
            <param index="0">
              <value>
                <![CDATA[Yes]]>
              </value>
            </param>
          </params>
          <reporter-output>
          </reporter-output>
        </test-method> <!-- vendorRegister_SubmissionApproval -->
        <test-method signature="vendorRegister_SubmissionApproval_InvalidEndpoint(java.lang.String)[pri:38, instance:testcases.TestCases@4a883b15]" started-at="2023-03-13T10:04:24 IST" name="vendorRegister_SubmissionApproval_InvalidEndpoint" data-provider="Execute_Module" finished-at="2023-03-13T10:04:26 IST" duration-ms="2181" status="PASS">
          <params>
            <param index="0">
              <value>
                <![CDATA[Yes]]>
              </value>
            </param>
          </params>
          <reporter-output>
          </reporter-output>
        </test-method> <!-- vendorRegister_SubmissionApproval_InvalidEndpoint -->
        <test-method signature="vendorRegister_SubmissionApproval_InvalidMethod(java.lang.String)[pri:39, instance:testcases.TestCases@4a883b15]" started-at="2023-03-13T10:04:26 IST" name="vendorRegister_SubmissionApproval_InvalidMethod" data-provider="Execute_Module" finished-at="2023-03-13T10:04:28 IST" duration-ms="1948" status="PASS">
          <params>
            <param index="0">
              <value>
                <![CDATA[Yes]]>
              </value>
            </param>
          </params>
          <reporter-output>
          </reporter-output>
        </test-method> <!-- vendorRegister_SubmissionApproval_InvalidMethod -->
        <test-method signature="vendorRegister_FindAllApproval(java.lang.String)[pri:40, instance:testcases.TestCases@4a883b15]" started-at="2023-03-13T10:04:28 IST" name="vendorRegister_FindAllApproval" data-provider="Execute_Module" finished-at="2023-03-13T10:04:32 IST" duration-ms="3107" status="PASS">
          <params>
            <param index="0">
              <value>
                <![CDATA[Yes]]>
              </value>
            </param>
          </params>
          <reporter-output>
          </reporter-output>
        </test-method> <!-- vendorRegister_FindAllApproval -->
        <test-method signature="vendorRegister_FindAllApproval_InvalidEndpoint(java.lang.String)[pri:41, instance:testcases.TestCases@4a883b15]" started-at="2023-03-13T10:04:32 IST" name="vendorRegister_FindAllApproval_InvalidEndpoint" data-provider="Execute_Module" finished-at="2023-03-13T10:04:34 IST" duration-ms="2272" status="PASS">
          <params>
            <param index="0">
              <value>
                <![CDATA[Yes]]>
              </value>
            </param>
          </params>
          <reporter-output>
          </reporter-output>
        </test-method> <!-- vendorRegister_FindAllApproval_InvalidEndpoint -->
        <test-method signature="vendorRegister_FindAllApproval_InvalidMethod(java.lang.String)[pri:42, instance:testcases.TestCases@4a883b15]" started-at="2023-03-13T10:04:34 IST" name="vendorRegister_FindAllApproval_InvalidMethod" data-provider="Execute_Module" finished-at="2023-03-13T10:04:36 IST" duration-ms="1951" status="PASS">
          <params>
            <param index="0">
              <value>
                <![CDATA[Yes]]>
              </value>
            </param>
          </params>
          <reporter-output>
          </reporter-output>
        </test-method> <!-- vendorRegister_FindAllApproval_InvalidMethod -->
        <test-method signature="vendorRegister_ApprovalHistory(java.lang.String)[pri:43, instance:testcases.TestCases@4a883b15]" started-at="2023-03-13T10:04:36 IST" name="vendorRegister_ApprovalHistory" data-provider="Execute_Module" finished-at="2023-03-13T10:04:38 IST" duration-ms="1985" status="PASS">
          <params>
            <param index="0">
              <value>
                <![CDATA[Yes]]>
              </value>
            </param>
          </params>
          <reporter-output>
          </reporter-output>
        </test-method> <!-- vendorRegister_ApprovalHistory -->
        <test-method signature="vendorRegister_ApprovalHistory_InvalidEndpoint(java.lang.String)[pri:44, instance:testcases.TestCases@4a883b15]" started-at="2023-03-13T10:04:38 IST" name="vendorRegister_ApprovalHistory_InvalidEndpoint" data-provider="Execute_Module" finished-at="2023-03-13T10:04:40 IST" duration-ms="2220" status="PASS">
          <params>
            <param index="0">
              <value>
                <![CDATA[Yes]]>
              </value>
            </param>
          </params>
          <reporter-output>
          </reporter-output>
        </test-method> <!-- vendorRegister_ApprovalHistory_InvalidEndpoint -->
        <test-method signature="vendorRegister_ApprovalHistory_InvalidMethod(java.lang.String)[pri:45, instance:testcases.TestCases@4a883b15]" started-at="2023-03-13T10:04:40 IST" name="vendorRegister_ApprovalHistory_InvalidMethod" data-provider="Execute_Module" finished-at="2023-03-13T10:04:42 IST" duration-ms="1953" status="PASS">
          <params>
            <param index="0">
              <value>
                <![CDATA[Yes]]>
              </value>
            </param>
          </params>
          <reporter-output>
          </reporter-output>
        </test-method> <!-- vendorRegister_ApprovalHistory_InvalidMethod -->
        <test-method signature="vendorRegister_L3Approval(java.lang.String)[pri:46, instance:testcases.TestCases@4a883b15]" started-at="2023-03-13T10:04:42 IST" name="vendorRegister_L3Approval" data-provider="Execute_Module" finished-at="2023-03-13T10:04:45 IST" duration-ms="2969" status="PASS">
          <params>
            <param index="0">
              <value>
                <![CDATA[Yes]]>
              </value>
            </param>
          </params>
          <reporter-output>
          </reporter-output>
        </test-method> <!-- vendorRegister_L3Approval -->
        <test-method signature="vendorRegister_L3Approval_InvalidEndpoint(java.lang.String)[pri:47, instance:testcases.TestCases@4a883b15]" started-at="2023-03-13T10:04:45 IST" name="vendorRegister_L3Approval_InvalidEndpoint" data-provider="Execute_Module" finished-at="2023-03-13T10:04:47 IST" duration-ms="2277" status="PASS">
          <params>
            <param index="0">
              <value>
                <![CDATA[Yes]]>
              </value>
            </param>
          </params>
          <reporter-output>
          </reporter-output>
        </test-method> <!-- vendorRegister_L3Approval_InvalidEndpoint -->
        <test-method signature="vendorRegister_L3Approval_InvalidMethod(java.lang.String)[pri:48, instance:testcases.TestCases@4a883b15]" started-at="2023-03-13T10:04:47 IST" name="vendorRegister_L3Approval_InvalidMethod" data-provider="Execute_Module" finished-at="2023-03-13T10:04:49 IST" duration-ms="2000" status="PASS">
          <params>
            <param index="0">
              <value>
                <![CDATA[Yes]]>
              </value>
            </param>
          </params>
          <reporter-output>
          </reporter-output>
        </test-method> <!-- vendorRegister_L3Approval_InvalidMethod -->
        <test-method signature="vendorAssessment_AssessmentDetailswithVendorID(java.lang.String)[pri:49, instance:testcases.TestCases@4a883b15]" started-at="2023-03-13T10:04:49 IST" name="vendorAssessment_AssessmentDetailswithVendorID" data-provider="Execute_Module" finished-at="2023-03-13T10:04:54 IST" duration-ms="5029" status="PASS">
          <params>
            <param index="0">
              <value>
                <![CDATA[Yes]]>
              </value>
            </param>
          </params>
          <reporter-output>
          </reporter-output>
        </test-method> <!-- vendorAssessment_AssessmentDetailswithVendorID -->
        <test-method signature="vendorAssessment_AssessmentDetailswithVendorID_InvalidEndpoint(java.lang.String)[pri:50, instance:testcases.TestCases@4a883b15]" started-at="2023-03-13T10:04:54 IST" name="vendorAssessment_AssessmentDetailswithVendorID_InvalidEndpoint" data-provider="Execute_Module" finished-at="2023-03-13T10:04:57 IST" duration-ms="2577" status="PASS">
          <params>
            <param index="0">
              <value>
                <![CDATA[Yes]]>
              </value>
            </param>
          </params>
          <reporter-output>
          </reporter-output>
        </test-method> <!-- vendorAssessment_AssessmentDetailswithVendorID_InvalidEndpoint -->
        <test-method signature="vendorAssessment_AssessmentDetailswithVendorID_InvalidMethod(java.lang.String)[pri:51, instance:testcases.TestCases@4a883b15]" started-at="2023-03-13T10:04:57 IST" name="vendorAssessment_AssessmentDetailswithVendorID_InvalidMethod" data-provider="Execute_Module" finished-at="2023-03-13T10:04:59 IST" duration-ms="2214" status="PASS">
          <params>
            <param index="0">
              <value>
                <![CDATA[Yes]]>
              </value>
            </param>
          </params>
          <reporter-output>
          </reporter-output>
        </test-method> <!-- vendorAssessment_AssessmentDetailswithVendorID_InvalidMethod -->
        <test-method signature="vendorAssessment_DepartmentDetails(java.lang.String)[pri:52, instance:testcases.TestCases@4a883b15]" started-at="2023-03-13T10:04:59 IST" name="vendorAssessment_DepartmentDetails" data-provider="Execute_Module" finished-at="2023-03-13T10:05:02 IST" duration-ms="3102" status="PASS">
          <params>
            <param index="0">
              <value>
                <![CDATA[Yes]]>
              </value>
            </param>
          </params>
          <reporter-output>
          </reporter-output>
        </test-method> <!-- vendorAssessment_DepartmentDetails -->
        <test-method signature="vendorAssessment_DepartmentDetails_InvalidEndpoint(java.lang.String)[pri:53, instance:testcases.TestCases@4a883b15]" started-at="2023-03-13T10:05:02 IST" name="vendorAssessment_DepartmentDetails_InvalidEndpoint" data-provider="Execute_Module" finished-at="2023-03-13T10:05:05 IST" duration-ms="2608" status="PASS">
          <params>
            <param index="0">
              <value>
                <![CDATA[Yes]]>
              </value>
            </param>
          </params>
          <reporter-output>
          </reporter-output>
        </test-method> <!-- vendorAssessment_DepartmentDetails_InvalidEndpoint -->
        <test-method signature="vendorAssessment_DepartmentDetails_InvalidMethod(java.lang.String)[pri:54, instance:testcases.TestCases@4a883b15]" started-at="2023-03-13T10:05:05 IST" name="vendorAssessment_DepartmentDetails_InvalidMethod" data-provider="Execute_Module" finished-at="2023-03-13T10:05:07 IST" duration-ms="2289" status="PASS">
          <params>
            <param index="0">
              <value>
                <![CDATA[Yes]]>
              </value>
            </param>
          </params>
          <reporter-output>
          </reporter-output>
        </test-method> <!-- vendorAssessment_DepartmentDetails_InvalidMethod -->
        <test-method signature="vendorAssessment_CreateMeetingScheduler(java.lang.String)[pri:55, instance:testcases.TestCases@4a883b15]" started-at="2023-03-13T10:05:07 IST" name="vendorAssessment_CreateMeetingScheduler" data-provider="Execute_Module" finished-at="2023-03-13T10:05:10 IST" duration-ms="2550" status="PASS">
          <params>
            <param index="0">
              <value>
                <![CDATA[Yes]]>
              </value>
            </param>
          </params>
          <reporter-output>
          </reporter-output>
        </test-method> <!-- vendorAssessment_CreateMeetingScheduler -->
        <test-method signature="vendorAssessment_CreateMeetingScheduler_InvalidEndpoint(java.lang.String)[pri:56, instance:testcases.TestCases@4a883b15]" started-at="2023-03-13T10:05:10 IST" name="vendorAssessment_CreateMeetingScheduler_InvalidEndpoint" data-provider="Execute_Module" finished-at="2023-03-13T10:05:12 IST" duration-ms="2291" status="PASS">
          <params>
            <param index="0">
              <value>
                <![CDATA[Yes]]>
              </value>
            </param>
          </params>
          <reporter-output>
          </reporter-output>
        </test-method> <!-- vendorAssessment_CreateMeetingScheduler_InvalidEndpoint -->
        <test-method signature="vendorAssessment_CreateMeetingScheduler_InvalidMethod(java.lang.String)[pri:57, instance:testcases.TestCases@4a883b15]" started-at="2023-03-13T10:05:12 IST" name="vendorAssessment_CreateMeetingScheduler_InvalidMethod" data-provider="Execute_Module" finished-at="2023-03-13T10:05:15 IST" duration-ms="2214" status="PASS">
          <params>
            <param index="0">
              <value>
                <![CDATA[Yes]]>
              </value>
            </param>
          </params>
          <reporter-output>
          </reporter-output>
        </test-method> <!-- vendorAssessment_CreateMeetingScheduler_InvalidMethod -->
        <test-method signature="vendorAssessment_templateList(java.lang.String)[pri:58, instance:testcases.TestCases@4a883b15]" started-at="2023-03-13T10:05:15 IST" name="vendorAssessment_templateList" data-provider="Execute_Module" finished-at="2023-03-13T10:05:17 IST" duration-ms="2574" status="PASS">
          <params>
            <param index="0">
              <value>
                <![CDATA[Yes]]>
              </value>
            </param>
          </params>
          <reporter-output>
          </reporter-output>
        </test-method> <!-- vendorAssessment_templateList -->
        <test-method signature="vendorAssessment_templateList_InvalidEndpoint(java.lang.String)[pri:59, instance:testcases.TestCases@4a883b15]" started-at="2023-03-13T10:05:17 IST" name="vendorAssessment_templateList_InvalidEndpoint" data-provider="Execute_Module" finished-at="2023-03-13T10:05:20 IST" duration-ms="2560" status="PASS">
          <params>
            <param index="0">
              <value>
                <![CDATA[Yes]]>
              </value>
            </param>
          </params>
          <reporter-output>
          </reporter-output>
        </test-method> <!-- vendorAssessment_templateList_InvalidEndpoint -->
        <test-method signature="vendorAssessment_templateList_InvalidMethod(java.lang.String)[pri:60, instance:testcases.TestCases@4a883b15]" started-at="2023-03-13T10:05:20 IST" name="vendorAssessment_templateList_InvalidMethod" data-provider="Execute_Module" finished-at="2023-03-13T10:05:22 IST" duration-ms="2282" status="PASS">
          <params>
            <param index="0">
              <value>
                <![CDATA[Yes]]>
              </value>
            </param>
          </params>
          <reporter-output>
          </reporter-output>
        </test-method> <!-- vendorAssessment_templateList_InvalidMethod -->
        <test-method signature="vendorAssessment_SaveAssessmentDetails(java.lang.String)[pri:61, instance:testcases.TestCases@4a883b15]" started-at="2023-03-13T10:05:22 IST" name="vendorAssessment_SaveAssessmentDetails" data-provider="Execute_Module" finished-at="2023-03-13T10:05:25 IST" duration-ms="2495" status="PASS">
          <params>
            <param index="0">
              <value>
                <![CDATA[Yes]]>
              </value>
            </param>
          </params>
          <reporter-output>
          </reporter-output>
        </test-method> <!-- vendorAssessment_SaveAssessmentDetails -->
        <test-method signature="vendorAssessment_SaveAssessmentDetails_InvalidEndpoint(java.lang.String)[pri:62, instance:testcases.TestCases@4a883b15]" started-at="2023-03-13T10:05:25 IST" name="vendorAssessment_SaveAssessmentDetails_InvalidEndpoint" data-provider="Execute_Module" finished-at="2023-03-13T10:05:27 IST" duration-ms="2537" status="PASS">
          <params>
            <param index="0">
              <value>
                <![CDATA[Yes]]>
              </value>
            </param>
          </params>
          <reporter-output>
          </reporter-output>
        </test-method> <!-- vendorAssessment_SaveAssessmentDetails_InvalidEndpoint -->
        <test-method signature="vendorAssessment_SaveAssessmentDetails_InvalidMethod(java.lang.String)[pri:63, instance:testcases.TestCases@4a883b15]" started-at="2023-03-13T10:05:27 IST" name="vendorAssessment_SaveAssessmentDetails_InvalidMethod" data-provider="Execute_Module" finished-at="2023-03-13T10:05:29 IST" duration-ms="2227" status="PASS">
          <params>
            <param index="0">
              <value>
                <![CDATA[Yes]]>
              </value>
            </param>
          </params>
          <reporter-output>
          </reporter-output>
        </test-method> <!-- vendorAssessment_SaveAssessmentDetails_InvalidMethod -->
        <test-method signature="vendorAssessment_AssessmentDetailswithID(java.lang.String)[pri:64, instance:testcases.TestCases@4a883b15]" started-at="2023-03-13T10:05:29 IST" name="vendorAssessment_AssessmentDetailswithID" data-provider="Execute_Module" finished-at="2023-03-13T10:05:32 IST" duration-ms="2406" status="PASS">
          <params>
            <param index="0">
              <value>
                <![CDATA[Yes]]>
              </value>
            </param>
          </params>
          <reporter-output>
          </reporter-output>
        </test-method> <!-- vendorAssessment_AssessmentDetailswithID -->
        <test-method signature="vendorAssessment_Modify_AssessmentDetails(java.lang.String)[pri:65, instance:testcases.TestCases@4a883b15]" started-at="2023-03-13T10:05:32 IST" name="vendorAssessment_Modify_AssessmentDetails" data-provider="Execute_Module" finished-at="2023-03-13T10:05:35 IST" duration-ms="2764" status="PASS">
          <params>
            <param index="0">
              <value>
                <![CDATA[Yes]]>
              </value>
            </param>
          </params>
          <reporter-output>
          </reporter-output>
        </test-method> <!-- vendorAssessment_Modify_AssessmentDetails -->
        <test-method signature="vendorAssessment_Modify_AssessmentDetails_InvalidEndpoint(java.lang.String)[pri:66, instance:testcases.TestCases@4a883b15]" started-at="2023-03-13T10:05:35 IST" name="vendorAssessment_Modify_AssessmentDetails_InvalidEndpoint" data-provider="Execute_Module" finished-at="2023-03-13T10:05:37 IST" duration-ms="2512" status="PASS">
          <params>
            <param index="0">
              <value>
                <![CDATA[Yes]]>
              </value>
            </param>
          </params>
          <reporter-output>
          </reporter-output>
        </test-method> <!-- vendorAssessment_Modify_AssessmentDetails_InvalidEndpoint -->
        <test-method signature="vendorAssessment_Modify_AssessmentDetails_InvalidMethod(java.lang.String)[pri:67, instance:testcases.TestCases@4a883b15]" started-at="2023-03-13T10:05:37 IST" name="vendorAssessment_Modify_AssessmentDetails_InvalidMethod" data-provider="Execute_Module" finished-at="2023-03-13T10:05:39 IST" duration-ms="2213" status="PASS">
          <params>
            <param index="0">
              <value>
                <![CDATA[Yes]]>
              </value>
            </param>
          </params>
          <reporter-output>
          </reporter-output>
        </test-method> <!-- vendorAssessment_Modify_AssessmentDetails_InvalidMethod -->
        <test-method signature="vendorAssessment_AssessmentwithVendorDetails(java.lang.String)[pri:68, instance:testcases.TestCases@4a883b15]" started-at="2023-03-13T10:05:39 IST" name="vendorAssessment_AssessmentwithVendorDetails" data-provider="Execute_Module" finished-at="2023-03-13T10:05:48 IST" duration-ms="8368" status="PASS">
          <params>
            <param index="0">
              <value>
                <![CDATA[Yes]]>
              </value>
            </param>
          </params>
          <reporter-output>
          </reporter-output>
        </test-method> <!-- vendorAssessment_AssessmentwithVendorDetails -->
        <test-method signature="vendorAssessment_AssessmentwithVendorDetails_InvalidEndpoint(java.lang.String)[pri:69, instance:testcases.TestCases@4a883b15]" started-at="2023-03-13T10:05:48 IST" name="vendorAssessment_AssessmentwithVendorDetails_InvalidEndpoint" data-provider="Execute_Module" finished-at="2023-03-13T10:05:50 IST" duration-ms="2540" status="PASS">
          <params>
            <param index="0">
              <value>
                <![CDATA[Yes]]>
              </value>
            </param>
          </params>
          <reporter-output>
          </reporter-output>
        </test-method> <!-- vendorAssessment_AssessmentwithVendorDetails_InvalidEndpoint -->
        <test-method signature="vendorAssessment_AssessmentwithVendorDetails_InvalidMethod(java.lang.String)[pri:70, instance:testcases.TestCases@4a883b15]" started-at="2023-03-13T10:05:50 IST" name="vendorAssessment_AssessmentwithVendorDetails_InvalidMethod" data-provider="Execute_Module" finished-at="2023-03-13T10:05:53 IST" duration-ms="2229" status="PASS">
          <params>
            <param index="0">
              <value>
                <![CDATA[Yes]]>
              </value>
            </param>
          </params>
          <reporter-output>
          </reporter-output>
        </test-method> <!-- vendorAssessment_AssessmentwithVendorDetails_InvalidMethod -->
        <test-method signature="vendorAssessment_SubmissionAssessment(java.lang.String)[pri:71, instance:testcases.TestCases@4a883b15]" started-at="2023-03-13T10:05:53 IST" name="vendorAssessment_SubmissionAssessment" data-provider="Execute_Module" finished-at="2023-03-13T10:05:55 IST" duration-ms="2432" status="PASS">
          <params>
            <param index="0">
              <value>
                <![CDATA[Yes]]>
              </value>
            </param>
          </params>
          <reporter-output>
          </reporter-output>
        </test-method> <!-- vendorAssessment_SubmissionAssessment -->
        <test-method signature="vendorAssessment_AssessmentApprovalList(java.lang.String)[pri:72, instance:testcases.TestCases@4a883b15]" started-at="2023-03-13T10:05:55 IST" name="vendorAssessment_AssessmentApprovalList" data-provider="Execute_Module" finished-at="2023-03-13T10:06:00 IST" duration-ms="5256" status="PASS">
          <params>
            <param index="0">
              <value>
                <![CDATA[Yes]]>
              </value>
            </param>
          </params>
          <reporter-output>
          </reporter-output>
        </test-method> <!-- vendorAssessment_AssessmentApprovalList -->
        <test-method signature="vendorAssessment_AssessmentApprovalList_InvalidEndpoint(java.lang.String)[pri:73, instance:testcases.TestCases@4a883b15]" started-at="2023-03-13T10:06:00 IST" name="vendorAssessment_AssessmentApprovalList_InvalidEndpoint" data-provider="Execute_Module" finished-at="2023-03-13T10:06:03 IST" duration-ms="2570" status="PASS">
          <params>
            <param index="0">
              <value>
                <![CDATA[Yes]]>
              </value>
            </param>
          </params>
          <reporter-output>
          </reporter-output>
        </test-method> <!-- vendorAssessment_AssessmentApprovalList_InvalidEndpoint -->
        <test-method signature="vendorAssessment_AssessmentApprovalList_InvalidMethod(java.lang.String)[pri:74, instance:testcases.TestCases@4a883b15]" started-at="2023-03-13T10:06:03 IST" name="vendorAssessment_AssessmentApprovalList_InvalidMethod" data-provider="Execute_Module" finished-at="2023-03-13T10:06:05 IST" duration-ms="2210" status="PASS">
          <params>
            <param index="0">
              <value>
                <![CDATA[Yes]]>
              </value>
            </param>
          </params>
          <reporter-output>
          </reporter-output>
        </test-method> <!-- vendorAssessment_AssessmentApprovalList_InvalidMethod -->
        <test-method signature="vendorAssessment_AssessmentApprovalHistory(java.lang.String)[pri:75, instance:testcases.TestCases@4a883b15]" started-at="2023-03-13T10:06:05 IST" name="vendorAssessment_AssessmentApprovalHistory" data-provider="Execute_Module" finished-at="2023-03-13T10:06:07 IST" duration-ms="2271" status="PASS">
          <params>
            <param index="0">
              <value>
                <![CDATA[Yes]]>
              </value>
            </param>
          </params>
          <reporter-output>
          </reporter-output>
        </test-method> <!-- vendorAssessment_AssessmentApprovalHistory -->
        <test-method signature="vendorAssessment_AssessmentApprovalHistory_InvalidEndpoint(java.lang.String)[pri:76, instance:testcases.TestCases@4a883b15]" started-at="2023-03-13T10:06:08 IST" name="vendorAssessment_AssessmentApprovalHistory_InvalidEndpoint" data-provider="Execute_Module" finished-at="2023-03-13T10:06:10 IST" duration-ms="2572" status="PASS">
          <params>
            <param index="0">
              <value>
                <![CDATA[Yes]]>
              </value>
            </param>
          </params>
          <reporter-output>
          </reporter-output>
        </test-method> <!-- vendorAssessment_AssessmentApprovalHistory_InvalidEndpoint -->
        <test-method signature="vendorAssessment_AssessmentApprovalHistory_InvalidMethod(java.lang.String)[pri:77, instance:testcases.TestCases@4a883b15]" started-at="2023-03-13T10:06:10 IST" name="vendorAssessment_AssessmentApprovalHistory_InvalidMethod" data-provider="Execute_Module" finished-at="2023-03-13T10:06:12 IST" duration-ms="2217" status="PASS">
          <params>
            <param index="0">
              <value>
                <![CDATA[Yes]]>
              </value>
            </param>
          </params>
          <reporter-output>
          </reporter-output>
        </test-method> <!-- vendorAssessment_AssessmentApprovalHistory_InvalidMethod -->
        <test-method signature="vendorAssessment_L3Approval(java.lang.String)[pri:78, instance:testcases.TestCases@4a883b15]" started-at="2023-03-13T10:06:12 IST" name="vendorAssessment_L3Approval" data-provider="Execute_Module" finished-at="2023-03-13T10:06:15 IST" duration-ms="2894" status="PASS">
          <params>
            <param index="0">
              <value>
                <![CDATA[Yes]]>
              </value>
            </param>
          </params>
          <reporter-output>
          </reporter-output>
        </test-method> <!-- vendorAssessment_L3Approval -->
        <test-method signature="vendorAssessment_L3Approval_InvalidEndpoint(java.lang.String)[pri:79, instance:testcases.TestCases@4a883b15]" started-at="2023-03-13T10:06:15 IST" name="vendorAssessment_L3Approval_InvalidEndpoint" data-provider="Execute_Module" finished-at="2023-03-13T10:06:19 IST" duration-ms="3431" status="PASS">
          <params>
            <param index="0">
              <value>
                <![CDATA[Yes]]>
              </value>
            </param>
          </params>
          <reporter-output>
          </reporter-output>
        </test-method> <!-- vendorAssessment_L3Approval_InvalidEndpoint -->
        <test-method signature="vendorAssessment_L3Approval_InvalidMethod(java.lang.String)[pri:80, instance:testcases.TestCases@4a883b15]" started-at="2023-03-13T10:06:19 IST" name="vendorAssessment_L3Approval_InvalidMethod" data-provider="Execute_Module" finished-at="2023-03-13T10:06:22 IST" duration-ms="2889" status="PASS">
          <params>
            <param index="0">
              <value>
                <![CDATA[Yes]]>
              </value>
            </param>
          </params>
          <reporter-output>
          </reporter-output>
        </test-method> <!-- vendorAssessment_L3Approval_InvalidMethod -->
        <test-method signature="vendorFindings_FindVendorAssessmentIDDetails(java.lang.String)[pri:81, instance:testcases.TestCases@4a883b15]" started-at="2023-03-13T10:06:22 IST" name="vendorFindings_FindVendorAssessmentIDDetails" data-provider="Execute_Module" finished-at="2023-03-13T10:06:27 IST" duration-ms="5214" status="PASS">
          <params>
            <param index="0">
              <value>
                <![CDATA[Yes]]>
              </value>
            </param>
          </params>
          <reporter-output>
          </reporter-output>
        </test-method> <!-- vendorFindings_FindVendorAssessmentIDDetails -->
        <test-method signature="vendorFindings_FindVendorAssessmentIDDetails_InvalidEndpoint(java.lang.String)[pri:82, instance:testcases.TestCases@4a883b15]" started-at="2023-03-13T10:06:27 IST" name="vendorFindings_FindVendorAssessmentIDDetails_InvalidEndpoint" data-provider="Execute_Module" finished-at="2023-03-13T10:06:30 IST" duration-ms="2645" status="PASS">
          <params>
            <param index="0">
              <value>
                <![CDATA[Yes]]>
              </value>
            </param>
          </params>
          <reporter-output>
          </reporter-output>
        </test-method> <!-- vendorFindings_FindVendorAssessmentIDDetails_InvalidEndpoint -->
        <test-method signature="vendorFindings_FindVendorAssessmentIDDetails_InvalidMethod(java.lang.String)[pri:83, instance:testcases.TestCases@4a883b15]" started-at="2023-03-13T10:06:30 IST" name="vendorFindings_FindVendorAssessmentIDDetails_InvalidMethod" data-provider="Execute_Module" finished-at="2023-03-13T10:06:32 IST" duration-ms="2285" status="PASS">
          <params>
            <param index="0">
              <value>
                <![CDATA[Yes]]>
              </value>
            </param>
          </params>
          <reporter-output>
          </reporter-output>
        </test-method> <!-- vendorFindings_FindVendorAssessmentIDDetails_InvalidMethod -->
        <test-method signature="vendorFindings_AddFindings(java.lang.String)[pri:84, instance:testcases.TestCases@4a883b15]" started-at="2023-03-13T10:06:32 IST" name="vendorFindings_AddFindings" data-provider="Execute_Module" finished-at="2023-03-13T10:06:34 IST" duration-ms="2596" status="PASS">
          <params>
            <param index="0">
              <value>
                <![CDATA[Yes]]>
              </value>
            </param>
          </params>
          <reporter-output>
          </reporter-output>
        </test-method> <!-- vendorFindings_AddFindings -->
        <test-method signature="vendorFindings_AddFindings_InvalidEndpoint(java.lang.String)[pri:85, instance:testcases.TestCases@4a883b15]" started-at="2023-03-13T10:06:34 IST" name="vendorFindings_AddFindings_InvalidEndpoint" data-provider="Execute_Module" finished-at="2023-03-13T10:06:37 IST" duration-ms="2446" status="PASS">
          <params>
            <param index="0">
              <value>
                <![CDATA[Yes]]>
              </value>
            </param>
          </params>
          <reporter-output>
          </reporter-output>
        </test-method> <!-- vendorFindings_AddFindings_InvalidEndpoint -->
        <test-method signature="vendorFindings_AddFindings_InvalidMethod(java.lang.String)[pri:86, instance:testcases.TestCases@4a883b15]" started-at="2023-03-13T10:06:37 IST" name="vendorFindings_AddFindings_InvalidMethod" data-provider="Execute_Module" finished-at="2023-03-13T10:06:39 IST" duration-ms="2228" status="PASS">
          <params>
            <param index="0">
              <value>
                <![CDATA[Yes]]>
              </value>
            </param>
          </params>
          <reporter-output>
          </reporter-output>
        </test-method> <!-- vendorFindings_AddFindings_InvalidMethod -->
        <test-method signature="vendorFindings_Approval(java.lang.String)[pri:87, instance:testcases.TestCases@4a883b15]" started-at="2023-03-13T10:06:39 IST" name="vendorFindings_Approval" data-provider="Execute_Module" finished-at="2023-03-13T10:06:42 IST" duration-ms="2398" status="PASS">
          <params>
            <param index="0">
              <value>
                <![CDATA[Yes]]>
              </value>
            </param>
          </params>
          <reporter-output>
          </reporter-output>
        </test-method> <!-- vendorFindings_Approval -->
        <test-method signature="vendorFindings_Approval_InvalidEndpoint(java.lang.String)[pri:88, instance:testcases.TestCases@4a883b15]" started-at="2023-03-13T10:06:42 IST" name="vendorFindings_Approval_InvalidEndpoint" data-provider="Execute_Module" finished-at="2023-03-13T10:06:44 IST" duration-ms="2648" status="PASS">
          <params>
            <param index="0">
              <value>
                <![CDATA[Yes]]>
              </value>
            </param>
          </params>
          <reporter-output>
          </reporter-output>
        </test-method> <!-- vendorFindings_Approval_InvalidEndpoint -->
        <test-method signature="vendorFindings_Approval_InvalidMethod(java.lang.String)[pri:89, instance:testcases.TestCases@4a883b15]" started-at="2023-03-13T10:06:44 IST" name="vendorFindings_Approval_InvalidMethod" data-provider="Execute_Module" finished-at="2023-03-13T10:06:47 IST" duration-ms="2324" status="PASS">
          <params>
            <param index="0">
              <value>
                <![CDATA[Yes]]>
              </value>
            </param>
          </params>
          <reporter-output>
          </reporter-output>
        </test-method> <!-- vendorFindings_Approval_InvalidMethod -->
        <test-method signature="vendorFindings_FindAssessmentDetailswithID(java.lang.String)[pri:90, instance:testcases.TestCases@4a883b15]" started-at="2023-03-13T10:06:47 IST" name="vendorFindings_FindAssessmentDetailswithID" data-provider="Execute_Module" finished-at="2023-03-13T10:06:49 IST" duration-ms="2401" status="PASS">
          <params>
            <param index="0">
              <value>
                <![CDATA[Yes]]>
              </value>
            </param>
          </params>
          <reporter-output>
          </reporter-output>
        </test-method> <!-- vendorFindings_FindAssessmentDetailswithID -->
        <test-method signature="vendorFindings_FindAssessmentDetailswithID_InvalidEndpoint(java.lang.String)[pri:91, instance:testcases.TestCases@4a883b15]" started-at="2023-03-13T10:06:49 IST" name="vendorFindings_FindAssessmentDetailswithID_InvalidEndpoint" data-provider="Execute_Module" finished-at="2023-03-13T10:06:52 IST" duration-ms="2525" status="PASS">
          <params>
            <param index="0">
              <value>
                <![CDATA[Yes]]>
              </value>
            </param>
          </params>
          <reporter-output>
          </reporter-output>
        </test-method> <!-- vendorFindings_FindAssessmentDetailswithID_InvalidEndpoint -->
        <test-method signature="vendorFindings_FindAssessmentDetailswithID_InvalidMethod(java.lang.String)[pri:92, instance:testcases.TestCases@4a883b15]" started-at="2023-03-13T10:06:52 IST" name="vendorFindings_FindAssessmentDetailswithID_InvalidMethod" data-provider="Execute_Module" finished-at="2023-03-13T10:06:54 IST" duration-ms="2200" status="PASS">
          <params>
            <param index="0">
              <value>
                <![CDATA[Yes]]>
              </value>
            </param>
          </params>
          <reporter-output>
          </reporter-output>
        </test-method> <!-- vendorFindings_FindAssessmentDetailswithID_InvalidMethod -->
        <test-method signature="vendorFindings_ModifyFindingsDetails(java.lang.String)[pri:93, instance:testcases.TestCases@4a883b15]" started-at="2023-03-13T10:06:54 IST" name="vendorFindings_ModifyFindingsDetails" data-provider="Execute_Module" finished-at="2023-03-13T10:07:02 IST" duration-ms="7793" status="PASS">
          <params>
            <param index="0">
              <value>
                <![CDATA[Yes]]>
              </value>
            </param>
          </params>
          <reporter-output>
          </reporter-output>
        </test-method> <!-- vendorFindings_ModifyFindingsDetails -->
        <test-method signature="vendorFindings_ModifyFindingsDetails_InvalidEndpoint(java.lang.String)[pri:94, instance:testcases.TestCases@4a883b15]" started-at="2023-03-13T10:07:02 IST" name="vendorFindings_ModifyFindingsDetails_InvalidEndpoint" data-provider="Execute_Module" finished-at="2023-03-13T10:07:04 IST" duration-ms="2585" status="PASS">
          <params>
            <param index="0">
              <value>
                <![CDATA[Yes]]>
              </value>
            </param>
          </params>
          <reporter-output>
          </reporter-output>
        </test-method> <!-- vendorFindings_ModifyFindingsDetails_InvalidEndpoint -->
        <test-method signature="vendorFindings_ModifyFindingsDetails_InvalidMethod(java.lang.String)[pri:95, instance:testcases.TestCases@4a883b15]" started-at="2023-03-13T10:07:04 IST" name="vendorFindings_ModifyFindingsDetails_InvalidMethod" data-provider="Execute_Module" finished-at="2023-03-13T10:07:07 IST" duration-ms="2256" status="PASS">
          <params>
            <param index="0">
              <value>
                <![CDATA[Yes]]>
              </value>
            </param>
          </params>
          <reporter-output>
          </reporter-output>
        </test-method> <!-- vendorFindings_ModifyFindingsDetails_InvalidMethod -->
        <test-method signature="ApprovalInherentRisk_L3Approval(java.lang.String)[pri:96, instance:testcases.TestCases@4a883b15]" started-at="2023-03-13T10:07:07 IST" name="ApprovalInherentRisk_L3Approval" data-provider="Execute_Module" finished-at="2023-03-13T10:07:10 IST" duration-ms="3405" status="PASS">
          <params>
            <param index="0">
              <value>
                <![CDATA[Yes]]>
              </value>
            </param>
          </params>
          <reporter-output>
          </reporter-output>
        </test-method> <!-- ApprovalInherentRisk_L3Approval -->
        <test-method signature="ApprovalInherentRisk_L3Approval_InvalidEndpoint(java.lang.String)[pri:97, instance:testcases.TestCases@4a883b15]" started-at="2023-03-13T10:07:10 IST" name="ApprovalInherentRisk_L3Approval_InvalidEndpoint" data-provider="Execute_Module" finished-at="2023-03-13T10:07:13 IST" duration-ms="2501" status="PASS">
          <params>
            <param index="0">
              <value>
                <![CDATA[Yes]]>
              </value>
            </param>
          </params>
          <reporter-output>
          </reporter-output>
        </test-method> <!-- ApprovalInherentRisk_L3Approval_InvalidEndpoint -->
        <test-method signature="ApprovalInherentRisk_L3Approval_InvalidMethod(java.lang.String)[pri:98, instance:testcases.TestCases@4a883b15]" started-at="2023-03-13T10:07:13 IST" name="ApprovalInherentRisk_L3Approval_InvalidMethod" data-provider="Execute_Module" finished-at="2023-03-13T10:07:15 IST" duration-ms="2332" status="PASS">
          <params>
            <param index="0">
              <value>
                <![CDATA[Yes]]>
              </value>
            </param>
          </params>
          <reporter-output>
          </reporter-output>
        </test-method> <!-- ApprovalInherentRisk_L3Approval_InvalidMethod -->
        <test-method signature="addControlandMitigation_FindControlwithID(java.lang.String)[pri:99, instance:testcases.TestCases@4a883b15]" started-at="2023-03-13T10:07:15 IST" name="addControlandMitigation_FindControlwithID" data-provider="Execute_Module" finished-at="2023-03-13T10:07:20 IST" duration-ms="5488" status="PASS">
          <params>
            <param index="0">
              <value>
                <![CDATA[Yes]]>
              </value>
            </param>
          </params>
          <reporter-output>
          </reporter-output>
        </test-method> <!-- addControlandMitigation_FindControlwithID -->
        <test-method signature="addControlAndMitigation_CreateControl(java.lang.String)[pri:100, instance:testcases.TestCases@4a883b15]" started-at="2023-03-13T10:07:20 IST" name="addControlAndMitigation_CreateControl" data-provider="Execute_Module" finished-at="2023-03-13T10:07:26 IST" duration-ms="5390" status="PASS">
          <params>
            <param index="0">
              <value>
                <![CDATA[Yes]]>
              </value>
            </param>
          </params>
          <reporter-output>
          </reporter-output>
        </test-method> <!-- addControlAndMitigation_CreateControl -->
        <test-method signature="addControlAndMitigation_CreateControl_InvalidEndpoint(java.lang.String)[pri:101, instance:testcases.TestCases@4a883b15]" started-at="2023-03-13T10:07:26 IST" name="addControlAndMitigation_CreateControl_InvalidEndpoint" data-provider="Execute_Module" finished-at="2023-03-13T10:07:29 IST" duration-ms="2701" status="PASS">
          <params>
            <param index="0">
              <value>
                <![CDATA[Yes]]>
              </value>
            </param>
          </params>
          <reporter-output>
          </reporter-output>
        </test-method> <!-- addControlAndMitigation_CreateControl_InvalidEndpoint -->
        <test-method signature="addControlAndMitigation_CreateControl_InvalidMethod(java.lang.String)[pri:102, instance:testcases.TestCases@4a883b15]" started-at="2023-03-13T10:07:29 IST" name="addControlAndMitigation_CreateControl_InvalidMethod" data-provider="Execute_Module" finished-at="2023-03-13T10:07:31 IST" duration-ms="2314" status="PASS">
          <params>
            <param index="0">
              <value>
                <![CDATA[Yes]]>
              </value>
            </param>
          </params>
          <reporter-output>
          </reporter-output>
        </test-method> <!-- addControlAndMitigation_CreateControl_InvalidMethod -->
        <test-method signature="addControlAndMitigation_CreateControlApproval(java.lang.String)[pri:103, instance:testcases.TestCases@4a883b15]" started-at="2023-03-13T10:07:31 IST" name="addControlAndMitigation_CreateControlApproval" data-provider="Execute_Module" finished-at="2023-03-13T10:07:33 IST" duration-ms="2461" status="PASS">
          <params>
            <param index="0">
              <value>
                <![CDATA[Yes]]>
              </value>
            </param>
          </params>
          <reporter-output>
          </reporter-output>
        </test-method> <!-- addControlAndMitigation_CreateControlApproval -->
        <test-method signature="addControlAndMitigation_CreateControlApproval_InvalidEndpoint(java.lang.String)[pri:104, instance:testcases.TestCases@4a883b15]" started-at="2023-03-13T10:07:33 IST" name="addControlAndMitigation_CreateControlApproval_InvalidEndpoint" data-provider="Execute_Module" finished-at="2023-03-13T10:07:36 IST" duration-ms="2483" status="PASS">
          <params>
            <param index="0">
              <value>
                <![CDATA[Yes]]>
              </value>
            </param>
          </params>
          <reporter-output>
          </reporter-output>
        </test-method> <!-- addControlAndMitigation_CreateControlApproval_InvalidEndpoint -->
        <test-method signature="addControlAndMitigation_CreateControlApproval_InvalidMethod(java.lang.String)[pri:105, instance:testcases.TestCases@4a883b15]" started-at="2023-03-13T10:07:36 IST" name="addControlAndMitigation_CreateControlApproval_InvalidMethod" data-provider="Execute_Module" finished-at="2023-03-13T10:07:39 IST" duration-ms="2724" status="PASS">
          <params>
            <param index="0">
              <value>
                <![CDATA[Yes]]>
              </value>
            </param>
          </params>
          <reporter-output>
          </reporter-output>
        </test-method> <!-- addControlAndMitigation_CreateControlApproval_InvalidMethod -->
        <test-method signature="addControlandMitigation_FindControlDetailswithID(java.lang.String)[pri:106, instance:testcases.TestCases@4a883b15]" started-at="2023-03-13T10:07:39 IST" name="addControlandMitigation_FindControlDetailswithID" data-provider="Execute_Module" finished-at="2023-03-13T10:07:44 IST" duration-ms="5481" status="PASS">
          <params>
            <param index="0">
              <value>
                <![CDATA[Yes]]>
              </value>
            </param>
          </params>
          <reporter-output>
          </reporter-output>
        </test-method> <!-- addControlandMitigation_FindControlDetailswithID -->
        <test-method signature="addControlandMitigation_FindControlDetailswithID_InvalidEndpoint(java.lang.String)[pri:107, instance:testcases.TestCases@4a883b15]" started-at="2023-03-13T10:07:44 IST" name="addControlandMitigation_FindControlDetailswithID_InvalidEndpoint" data-provider="Execute_Module" finished-at="2023-03-13T10:07:47 IST" duration-ms="2612" status="PASS">
          <params>
            <param index="0">
              <value>
                <![CDATA[Yes]]>
              </value>
            </param>
          </params>
          <reporter-output>
          </reporter-output>
        </test-method> <!-- addControlandMitigation_FindControlDetailswithID_InvalidEndpoint -->
        <test-method signature="addControlandMitigation_FindControlDetailswithID_InvalidMethod(java.lang.String)[pri:108, instance:testcases.TestCases@4a883b15]" started-at="2023-03-13T10:07:47 IST" name="addControlandMitigation_FindControlDetailswithID_InvalidMethod" data-provider="Execute_Module" finished-at="2023-03-13T10:07:49 IST" duration-ms="2318" status="PASS">
          <params>
            <param index="0">
              <value>
                <![CDATA[Yes]]>
              </value>
            </param>
          </params>
          <reporter-output>
          </reporter-output>
        </test-method> <!-- addControlandMitigation_FindControlDetailswithID_InvalidMethod -->
        <test-method signature="addControlAndMitigation_ModifyControl(java.lang.String)[pri:109, instance:testcases.TestCases@4a883b15]" started-at="2023-03-13T10:07:49 IST" name="addControlAndMitigation_ModifyControl" data-provider="Execute_Module" finished-at="2023-03-13T10:07:55 IST" duration-ms="5675" status="PASS">
          <params>
            <param index="0">
              <value>
                <![CDATA[Yes]]>
              </value>
            </param>
          </params>
          <reporter-output>
          </reporter-output>
        </test-method> <!-- addControlAndMitigation_ModifyControl -->
        <test-method signature="addControlAndMitigation_ModifyControl_InvalidEndpoint(java.lang.String)[pri:110, instance:testcases.TestCases@4a883b15]" started-at="2023-03-13T10:07:55 IST" name="addControlAndMitigation_ModifyControl_InvalidEndpoint" data-provider="Execute_Module" finished-at="2023-03-13T10:07:57 IST" duration-ms="2620" status="PASS">
          <params>
            <param index="0">
              <value>
                <![CDATA[Yes]]>
              </value>
            </param>
          </params>
          <reporter-output>
          </reporter-output>
        </test-method> <!-- addControlAndMitigation_ModifyControl_InvalidEndpoint -->
        <test-method signature="addControlAndMitigation_ModifyControl_InvalidMethod(java.lang.String)[pri:111, instance:testcases.TestCases@4a883b15]" started-at="2023-03-13T10:07:57 IST" name="addControlAndMitigation_ModifyControl_InvalidMethod" data-provider="Execute_Module" finished-at="2023-03-13T10:08:00 IST" duration-ms="2316" status="PASS">
          <params>
            <param index="0">
              <value>
                <![CDATA[Yes]]>
              </value>
            </param>
          </params>
          <reporter-output>
          </reporter-output>
        </test-method> <!-- addControlAndMitigation_ModifyControl_InvalidMethod -->
        <test-method signature="approveResidualRisk_L3Approval(java.lang.String)[pri:112, instance:testcases.TestCases@4a883b15]" started-at="2023-03-13T10:08:00 IST" name="approveResidualRisk_L3Approval" data-provider="Execute_Module" finished-at="2023-03-13T10:08:03 IST" duration-ms="3346" status="PASS">
          <params>
            <param index="0">
              <value>
                <![CDATA[Yes]]>
              </value>
            </param>
          </params>
          <reporter-output>
          </reporter-output>
        </test-method> <!-- approveResidualRisk_L3Approval -->
        <test-method signature="approveResidualRisk_L3Approval_InvalidEndpoint(java.lang.String)[pri:113, instance:testcases.TestCases@4a883b15]" started-at="2023-03-13T10:08:03 IST" name="approveResidualRisk_L3Approval_InvalidEndpoint" data-provider="Execute_Module" finished-at="2023-03-13T10:08:05 IST" duration-ms="2313" status="PASS">
          <params>
            <param index="0">
              <value>
                <![CDATA[Yes]]>
              </value>
            </param>
          </params>
          <reporter-output>
          </reporter-output>
        </test-method> <!-- approveResidualRisk_L3Approval_InvalidEndpoint -->
        <test-method signature="approveResidualRisk_L3Approval_InvalidMethod(java.lang.String)[pri:114, instance:testcases.TestCases@4a883b15]" started-at="2023-03-13T10:08:05 IST" name="approveResidualRisk_L3Approval_InvalidMethod" data-provider="Execute_Module" finished-at="2023-03-13T10:08:08 IST" duration-ms="2131" status="PASS">
          <params>
            <param index="0">
              <value>
                <![CDATA[Yes]]>
              </value>
            </param>
          </params>
          <reporter-output>
          </reporter-output>
        </test-method> <!-- approveResidualRisk_L3Approval_InvalidMethod -->
        <test-method signature="uniqueID_FindAllPreferences(java.lang.String)[pri:115, instance:testcases.TestCases@4a883b15]" started-at="2023-03-13T10:08:08 IST" name="uniqueID_FindAllPreferences" data-provider="Execute_Module" finished-at="2023-03-13T10:08:10 IST" duration-ms="2509" status="PASS">
          <params>
            <param index="0">
              <value>
                <![CDATA[Yes]]>
              </value>
            </param>
          </params>
          <reporter-output>
          </reporter-output>
        </test-method> <!-- uniqueID_FindAllPreferences -->
        <test-method signature="uniqueID_FindAllPreferencesDetails_InvalidEndpoint(java.lang.String)[pri:116, instance:testcases.TestCases@4a883b15]" started-at="2023-03-13T10:08:10 IST" name="uniqueID_FindAllPreferencesDetails_InvalidEndpoint" data-provider="Execute_Module" finished-at="2023-03-13T10:08:12 IST" duration-ms="2316" status="PASS">
          <params>
            <param index="0">
              <value>
                <![CDATA[Yes]]>
              </value>
            </param>
          </params>
          <reporter-output>
          </reporter-output>
        </test-method> <!-- uniqueID_FindAllPreferencesDetails_InvalidEndpoint -->
        <test-method signature="uniqueID_FindAllPreferencesDetails_InvalidMethod(java.lang.String)[pri:117, instance:testcases.TestCases@4a883b15]" started-at="2023-03-13T10:08:13 IST" name="uniqueID_FindAllPreferencesDetails_InvalidMethod" data-provider="Execute_Module" finished-at="2023-03-13T10:08:15 IST" duration-ms="2119" status="PASS">
          <params>
            <param index="0">
              <value>
                <![CDATA[Yes]]>
              </value>
            </param>
          </params>
          <reporter-output>
          </reporter-output>
        </test-method> <!-- uniqueID_FindAllPreferencesDetails_InvalidMethod -->
        <test-method signature="uniqueID_Create(java.lang.String)[pri:118, instance:testcases.TestCases@4a883b15]" started-at="2023-03-13T10:08:15 IST" name="uniqueID_Create" data-provider="Execute_Module" finished-at="2023-03-13T10:08:17 IST" duration-ms="2217" status="PASS">
          <params>
            <param index="0">
              <value>
                <![CDATA[Yes]]>
              </value>
            </param>
          </params>
          <reporter-output>
          </reporter-output>
        </test-method> <!-- uniqueID_Create -->
        <test-method signature="uniqueID_Create_InvalidEndpoint(java.lang.String)[pri:119, instance:testcases.TestCases@4a883b15]" started-at="2023-03-13T10:08:17 IST" name="uniqueID_Create_InvalidEndpoint" data-provider="Execute_Module" finished-at="2023-03-13T10:08:19 IST" duration-ms="2220" status="PASS">
          <params>
            <param index="0">
              <value>
                <![CDATA[Yes]]>
              </value>
            </param>
          </params>
          <reporter-output>
          </reporter-output>
        </test-method> <!-- uniqueID_Create_InvalidEndpoint -->
        <test-method signature="uniqueID_Create_InvalidMethod(java.lang.String)[pri:120, instance:testcases.TestCases@4a883b15]" started-at="2023-03-13T10:08:19 IST" name="uniqueID_Create_InvalidMethod" data-provider="Execute_Module" finished-at="2023-03-13T10:08:21 IST" duration-ms="2296" status="PASS">
          <params>
            <param index="0">
              <value>
                <![CDATA[Yes]]>
              </value>
            </param>
          </params>
          <reporter-output>
          </reporter-output>
        </test-method> <!-- uniqueID_Create_InvalidMethod -->
        <test-method signature="vendorRegister_CreateSinglevendor_ExistingVendorName(java.lang.String)[pri:121, instance:testcases.TestCases@4a883b15]" started-at="2023-03-13T10:08:21 IST" name="vendorRegister_CreateSinglevendor_ExistingVendorName" data-provider="Execute_Module" finished-at="2023-03-13T10:08:24 IST" duration-ms="2354" status="PASS">
          <params>
            <param index="0">
              <value>
                <![CDATA[Yes]]>
              </value>
            </param>
          </params>
          <reporter-output>
          </reporter-output>
        </test-method> <!-- vendorRegister_CreateSinglevendor_ExistingVendorName -->
        <test-method signature="vendorRegister_CreateSinglevendor_InvalidEmailFormat(java.lang.String)[pri:122, instance:testcases.TestCases@4a883b15]" started-at="2023-03-13T10:08:24 IST" name="vendorRegister_CreateSinglevendor_InvalidEmailFormat" data-provider="Execute_Module" finished-at="2023-03-13T10:08:26 IST" duration-ms="2359" status="PASS">
          <params>
            <param index="0">
              <value>
                <![CDATA[Yes]]>
              </value>
            </param>
          </params>
          <reporter-output>
          </reporter-output>
        </test-method> <!-- vendorRegister_CreateSinglevendor_InvalidEmailFormat -->
        <test-method signature="vendorRegister_DeActivevendor(java.lang.String)[pri:123, instance:testcases.TestCases@4a883b15]" started-at="2023-03-13T10:08:26 IST" name="vendorRegister_DeActivevendor" data-provider="Execute_Module" finished-at="2023-03-13T10:08:29 IST" duration-ms="2367" status="PASS">
          <params>
            <param index="0">
              <value>
                <![CDATA[Yes]]>
              </value>
            </param>
          </params>
          <reporter-output>
          </reporter-output>
        </test-method> <!-- vendorRegister_DeActivevendor -->
        <test-method signature="vendorRegister_DeActivevendor_InvalidEndpoint(java.lang.String)[pri:124, instance:testcases.TestCases@4a883b15]" started-at="2023-03-13T10:08:29 IST" name="vendorRegister_DeActivevendor_InvalidEndpoint" data-provider="Execute_Module" finished-at="2023-03-13T10:08:31 IST" duration-ms="2418" status="PASS">
          <params>
            <param index="0">
              <value>
                <![CDATA[Yes]]>
              </value>
            </param>
          </params>
          <reporter-output>
          </reporter-output>
        </test-method> <!-- vendorRegister_DeActivevendor_InvalidEndpoint -->
        <test-method signature="vendorRegister_DeActivevendor_InvalidMethod(java.lang.String)[pri:125, instance:testcases.TestCases@4a883b15]" started-at="2023-03-13T10:08:31 IST" name="vendorRegister_DeActivevendor_InvalidMethod" data-provider="Execute_Module" finished-at="2023-03-13T10:08:33 IST" duration-ms="2014" status="PASS">
          <params>
            <param index="0">
              <value>
                <![CDATA[Yes]]>
              </value>
            </param>
          </params>
          <reporter-output>
          </reporter-output>
        </test-method> <!-- vendorRegister_DeActivevendor_InvalidMethod -->
      </class> <!-- testcases.TestCases -->
    </test> <!-- Default test -->
  </suite> <!-- Default suite -->
</testng-results>
